<?xml version="1.0" encoding="UTF-8"?>
<testsuite name="com.storks.common.dto.ApiResponseTest" tests="2" skipped="0" failures="0" errors="0" timestamp="2026-04-01T14:57:02.101Z" hostname="MSI" time="0.049">
  <properties/>
  <testcase name="error_CreatesValidResponse()" classname="com.storks.common.dto.ApiResponseTest" time="0.034"/>
  <testcase name="success_CreatesValidResponse()" classname="com.storks.common.dto.ApiResponseTest" time="0.001"/>
  <system-out><![CDATA[]]></system-out>
  <system-err><![CDATA[]]></system-err>
</testsuite>
